<?xml version="1.0" encoding="UTF-8"?>
<testsuite name="ObjectToJsonConverterTest" tests="2" skipped="0" failures="0" errors="0" timestamp="2022-02-28T12:40:56" hostname="VWAGWOY73190" time="0.021">
  <properties/>
  <testcase name="givenObjectSerializedThenTrueReturned" classname="ObjectToJsonConverterTest" time="0.02"/>
  <testcase name="givenObjectNotSerializedThenExceptionThrown" classname="ObjectToJsonConverterTest" time="0.0"/>
  <system-out><![CDATA[]]></system-out>
  <system-err><![CDATA[]]></system-err>
</testsuite>
